2020-10-25 00:40:54,816 [INFO ] – Validating Sale Request's parameters
2020-10-25 00:41:01,879 [INFO ] – Ezzypay's Request & Response
2020-10-25 00:41:01,899 [INFO ] – Retrieving results from Ezzypay Sale Transaction
2020-10-25 12:17:30,571 [INFO ] – Validating Sale Request's parameters
2020-10-25 12:17:41,670 [INFO ] – Ezzypay's Request & Response
2020-10-25 12:17:41,726 [INFO ] – Retrieving results from Ezzypay Sale Transaction
2021-03-13 11:18:29,601 [INFO ] – Validating Sale Request's parameters
2021-03-13 11:18:50,371 [INFO ] – Ezzypay's Request & Response
2021-03-13 11:18:50,383 [INFO ] – Retrieving results from Ezzypay Sale Transaction
2021-03-13 11:45:55,711 [INFO ] – Validating Sale Request's parameters
2021-03-13 11:46:06,455 [INFO ] – Ezzypay's Request & Response
2021-03-13 11:46:06,464 [INFO ] – Retrieving results from Ezzypay Sale Transaction
2021-03-13 13:45:52,573 [INFO ] – Validating Sale Request's parameters
2021-03-13 13:46:23,582 [INFO ] – MPESA's Request & Response
2021-03-13 13:46:23,589 [INFO ] – Retrieving results from MPESA Sale Transaction
2021-03-13 13:56:37,655 [INFO ] – Validating Sale Request's parameters
2021-03-13 13:57:02,713 [INFO ] – MPESA's Request & Response
2021-03-13 13:57:12,821 [INFO ] – Retrieving results from MPESA Sale Transaction
2021-03-13 13:59:02,905 [INFO ] – Validating Sale Request's parameters
2021-03-13 13:59:27,573 [INFO ] – MPESA's Request & Response
2021-03-13 13:59:35,542 [INFO ] – Retrieving results from MPESA Sale Transaction
2021-03-13 14:03:05,912 [INFO ] – Validating Sale Request's parameters
2021-03-13 14:03:28,704 [INFO ] – MPESA's Request & Response
2021-03-13 14:03:36,365 [INFO ] – Retrieving results from MPESA Sale Transaction
2021-03-13 14:16:20,313 [INFO ] – Validating Sale Request's parameters
2021-03-13 14:16:32,794 [INFO ] – MPESA's Request & Response
2021-03-13 14:16:32,796 [INFO ] – Retrieving results from MPESA Sale Transaction
2021-03-13 14:18:30,861 [INFO ] – Validating Sale Request's parameters
2021-03-13 14:18:40,736 [INFO ] – MPESA's Request & Response
2021-03-13 14:18:40,765 [INFO ] – Retrieving results from MPESA Sale Transaction
2021-03-13 14:19:08,785 [INFO ] – Validating Sale Request's parameters
2021-03-13 14:19:17,606 [INFO ] – MPESA's Request & Response
2021-03-13 14:19:17,608 [INFO ] – Retrieving results from MPESA Sale Transaction
2021-03-13 14:20:52,750 [INFO ] – Validating Sale Request's parameters
2021-03-13 14:21:01,337 [INFO ] – MPESA's Request & Response
2021-03-13 14:21:01,345 [INFO ] – Retrieving results from MPESA Sale Transaction
2021-03-13 14:23:36,830 [INFO ] – Validating Sale Request's parameters
2021-03-13 14:23:52,892 [INFO ] – MPESA's Request & Response
2021-03-13 14:23:52,895 [INFO ] – Retrieving results from MPESA Sale Transaction
2021-03-13 14:26:16,862 [INFO ] – Validating Sale Request's parameters
2021-03-13 14:26:25,790 [INFO ] – MPESA's Request & Response
2021-03-13 14:26:25,792 [INFO ] – Retrieving results from MPESA Sale Transaction
2021-03-13 14:26:44,840 [INFO ] – Validating Sale Request's parameters
2021-03-13 14:26:54,088 [INFO ] – MPESA's Request & Response
2021-03-13 14:26:54,093 [INFO ] – Retrieving results from MPESA Sale Transaction
2021-03-13 15:08:42,369 [INFO ] – Validating Sale Request's parameters
2021-03-13 15:08:52,316 [INFO ] – MPESA's Request & Response
2021-03-13 15:08:52,322 [INFO ] – Retrieving results from MPESA Sale Transaction
2021-03-14 21:52:00,087 [INFO ] – Validating Sale Request's parameters
2021-03-14 21:53:08,463 [INFO ] – Validating Sale Request's parameters
2021-03-14 21:54:18,690 [INFO ] – Validating Sale Request's parameters
2021-03-14 21:54:47,124 [INFO ] – MPESA's Request & Response
2021-03-14 21:54:47,130 [INFO ] – Retrieving results from MPESA Sale Transaction
2021-03-14 22:06:00,562 [INFO ] – Validating Sale Request's parameters
2021-03-14 22:08:25,963 [INFO ] – Validating Sale Request's parameters
2021-03-14 22:09:48,687 [INFO ] – Validating Sale Request's parameters
2021-03-14 22:09:52,668 [INFO ] – Validating Sale Request's parameters
2021-03-14 22:10:28,792 [INFO ] – Validating Sale Request's parameters
2021-03-14 22:10:44,642 [INFO ] – Validating Sale Request's parameters
2021-03-14 22:16:35,721 [INFO ] – Validating Sale Request's parameters
2021-03-14 22:19:07,090 [INFO ] – Validating Sale Request's parameters
2021-03-14 22:20:14,549 [INFO ] – Validating Sale Request's parameters
2021-03-14 22:22:23,739 [INFO ] – Validating Sale Request's parameters
2021-03-14 22:23:15,273 [INFO ] – Validating Sale Request's parameters
2021-03-14 22:24:30,329 [INFO ] – Validating Sale Request's parameters
2021-03-14 22:28:24,936 [INFO ] – Validating Sale Request's parameters
2021-03-14 22:31:20,343 [INFO ] – Validating Sale Request's parameters
2021-03-14 22:32:12,318 [INFO ] – Validating Sale Request's parameters
2021-03-14 22:33:10,943 [INFO ] – Validating Sale Request's parameters
2021-03-14 22:34:42,741 [INFO ] – Validating Sale Request's parameters
2021-03-14 22:36:56,314 [INFO ] – Validating Sale Request's parameters
2021-03-14 22:37:11,821 [INFO ] – MPESA's Request & Response
2021-03-14 22:37:11,824 [INFO ] – Retrieving results from MPESA Sale Transaction
2021-03-14 22:37:52,479 [INFO ] – Validating Sale Request's parameters
2021-03-14 22:37:59,356 [INFO ] – MPESA's Request & Response
2021-03-14 22:37:59,358 [INFO ] – Retrieving results from MPESA Sale Transaction
2021-03-14 22:40:27,696 [INFO ] – Validating Sale Request's parameters
2021-03-14 22:40:34,040 [INFO ] – MPESA's Request & Response
2021-03-14 22:40:34,045 [INFO ] – Retrieving results from MPESA Sale Transaction
2021-03-14 22:41:30,574 [INFO ] – Validating Sale Request's parameters
2021-03-14 22:41:36,927 [INFO ] – MPESA's Request & Response
2021-03-14 22:41:36,929 [INFO ] – Retrieving results from MPESA Sale Transaction
2021-03-14 23:05:34,771 [INFO ] – Validating Sale Request's parameters
2021-03-14 23:07:05,125 [INFO ] – Validating Sale Request's parameters
2021-03-14 23:07:57,892 [INFO ] – Validating Sale Request's parameters
2021-03-14 23:11:15,196 [INFO ] – Validating Sale Request's parameters
2021-03-14 23:13:40,981 [INFO ] – Validating Sale Request's parameters
2021-03-14 23:15:32,695 [INFO ] – Validating Sale Request's parameters
2021-03-14 23:17:18,171 [INFO ] – Validating Sale Request's parameters
2021-03-14 23:17:37,546 [INFO ] – MPESA's Request & Response
2021-03-14 23:17:37,548 [INFO ] – Retrieving results from MPESA Sale Transaction
2021-10-26 21:57:11,245 [INFO ] – Validating Sale Request's parameters
2021-10-26 21:57:22,208 [INFO ] – MPESA's Request & Response
2021-10-26 21:57:22,211 [INFO ] – Retrieving results from MPESA Sale Transaction
2021-10-26 21:59:02,889 [INFO ] – Validating Sale Request's parameters
2021-10-26 21:59:12,249 [INFO ] – MPESA's Request & Response
2021-10-26 21:59:12,254 [INFO ] – Retrieving results from MPESA Sale Transaction
2021-10-27 08:33:18,522 [INFO ] – Validating Sale Request's parameters
2021-10-27 08:34:29,310 [INFO ] – MPESA's Request & Response
2021-10-27 08:34:29,328 [INFO ] – Retrieving results from MPESA Sale Transaction
2021-11-09 10:00:41,683 [INFO ] – Validating Sale Request's parameters
2021-11-09 10:00:53,627 [INFO ] – MPESA's Request & Response
2021-11-09 10:00:53,642 [INFO ] – Retrieving results from MPESA Sale Transaction
2021-11-09 10:01:12,924 [INFO ] – Validating Sale Request's parameters
2021-11-09 10:01:23,672 [INFO ] – MPESA's Request & Response
2021-11-09 10:01:23,677 [INFO ] – Retrieving results from MPESA Sale Transaction
2021-11-09 10:01:38,703 [INFO ] – Validating Sale Request's parameters
2021-11-09 10:01:45,086 [INFO ] – MPESA's Request & Response
2021-11-09 10:01:45,092 [INFO ] – Retrieving results from MPESA Sale Transaction
2021-11-09 10:02:09,343 [INFO ] – Validating Sale Request's parameters
2021-11-09 10:02:18,707 [INFO ] – MPESA's Request & Response
2021-11-09 10:02:18,712 [INFO ] – Retrieving results from MPESA Sale Transaction
2021-11-09 10:02:30,953 [INFO ] – Validating Sale Request's parameters
2021-11-09 10:02:38,220 [INFO ] – MPESA's Request & Response
2021-11-09 10:02:38,226 [INFO ] – Retrieving results from MPESA Sale Transaction
2021-11-09 10:11:47,739 [INFO ] – Validating Sale Request's parameters
2021-11-09 10:11:57,265 [INFO ] – MPESA's Request & Response
2021-11-09 10:11:57,269 [INFO ] – Retrieving results from MPESA Sale Transaction
2021-11-09 11:32:07,891 [INFO ] – Validating Sale Request's parameters
2021-11-09 11:32:21,056 [INFO ] – MPESA's Request & Response
2021-11-09 11:32:21,057 [INFO ] – Retrieving results from MPESA Sale Transaction
2021-11-09 12:04:42,048 [INFO ] – Validating Sale Request's parameters
2021-11-09 12:08:12,474 [INFO ] – MPESA's Request & Response
2021-11-09 12:08:12,477 [INFO ] – Retrieving results from MPESA Sale Transaction
2021-11-09 12:09:07,766 [INFO ] – Validating Sale Request's parameters
2021-11-09 12:09:14,459 [INFO ] – MPESA's Request & Response
2021-11-09 12:09:14,463 [INFO ] – Retrieving results from MPESA Sale Transaction
2021-11-09 23:38:57,126 [INFO ] – Validating Sale Request's parameters
2021-11-09 23:39:06,794 [INFO ] – MPESA's Request & Response
2021-11-09 23:39:06,795 [INFO ] – Retrieving results from MPESA Sale Transaction
2021-11-09 23:40:04,961 [INFO ] – Validating Sale Request's parameters
2021-11-09 23:40:12,318 [INFO ] – MPESA's Request & Response
2021-11-09 23:40:12,322 [INFO ] – Retrieving results from MPESA Sale Transaction
2021-11-09 23:45:11,964 [INFO ] – Validating Sale Request's parameters
2021-11-09 23:45:24,971 [INFO ] – MPESA's Request & Response
2021-11-09 23:45:24,974 [INFO ] – Retrieving results from MPESA Sale Transaction
2021-11-09 23:45:34,434 [INFO ] – Validating Sale Request's parameters
2021-11-09 23:45:42,099 [INFO ] – MPESA's Request & Response
2021-11-09 23:45:42,101 [INFO ] – Retrieving results from MPESA Sale Transaction
2021-11-11 03:42:05,073 [INFO ] – Validating Sale Request's parameters
2021-11-11 03:42:39,777 [INFO ] – MPESA's Request & Response
2021-11-11 03:42:39,779 [INFO ] – Retrieving results from MPESA Sale Transaction
2021-11-11 03:49:35,489 [INFO ] – Validating Sale Request's parameters
2021-11-11 03:51:49,218 [INFO ] – Validating Sale Request's parameters
2021-11-11 03:53:03,151 [INFO ] – Validating Sale Request's parameters
2021-11-11 04:19:41,201 [INFO ] – Validating Sale Request's parameters
2021-11-11 04:19:51,192 [INFO ] – Validating Sale Request's parameters
2021-11-11 04:20:41,126 [INFO ] – Validating Sale Request's parameters
2021-11-11 04:32:23,437 [INFO ] – Validating Sale Request's parameters
2021-11-12 09:47:27,846 [INFO ] – Validating Sale Request's parameters
2021-11-12 09:47:53,092 [INFO ] – MPESA's Request & Response
2021-11-12 09:47:53,097 [INFO ] – Retrieving results from MPESA Sale Transaction
2021-11-12 09:57:57,345 [INFO ] – Validating Sale Request's parameters
2021-11-12 09:58:05,444 [INFO ] – MPESA's Request & Response
2021-11-12 09:58:05,447 [INFO ] – Retrieving results from MPESA Sale Transaction
2021-11-12 10:07:06,370 [INFO ] – Validating Sale Request's parameters
2021-11-12 10:07:19,192 [INFO ] – MPESA's Request & Response
2021-11-12 10:07:19,195 [INFO ] – Retrieving results from MPESA Sale Transaction
2021-11-12 10:09:16,749 [INFO ] – Validating Sale Request's parameters
2021-11-12 10:09:27,382 [INFO ] – MPESA's Request & Response
2021-11-12 10:09:27,385 [INFO ] – Retrieving results from MPESA Sale Transaction
2021-11-12 11:13:40,523 [INFO ] – Validating Sale Request's parameters
2021-11-12 11:40:35,273 [INFO ] – Validating Sale Request's parameters
2021-11-12 11:45:11,090 [INFO ] – Validating Sale Request's parameters
2021-11-12 11:47:17,063 [INFO ] – MPESA's Request & Response
2021-11-12 11:47:17,069 [INFO ] – Retrieving results from MPESA Sale Transaction
2021-11-12 11:50:08,876 [INFO ] – Validating Sale Request's parameters
2021-11-12 12:08:59,125 [INFO ] – Validating Sale Request's parameters
2021-11-12 12:11:38,530 [INFO ] – Validating Sale Request's parameters
2021-11-12 12:24:16,741 [INFO ] – Validating Sale Request's parameters
2021-11-12 12:26:25,538 [INFO ] – Validating Sale Request's parameters
2021-11-12 12:28:20,902 [INFO ] – Validating Sale Request's parameters
2021-11-12 12:37:51,534 [INFO ] – Validating Sale Request's parameters
2021-11-12 12:44:12,164 [INFO ] – Validating Sale Request's parameters
2021-11-12 13:14:32,167 [INFO ] – Validating Sale Request's parameters
2021-11-12 13:15:45,899 [INFO ] – Validating Sale Request's parameters
2021-11-12 13:16:13,230 [INFO ] – Validating Sale Request's parameters
2021-11-12 13:19:23,633 [INFO ] – Validating Sale Request's parameters
2021-11-12 13:26:38,581 [INFO ] – Validating Sale Request's parameters
2021-11-12 13:44:27,589 [INFO ] – Validating Sale Request's parameters
2021-11-12 14:18:43,629 [INFO ] – Validating Sale Request's parameters
2021-11-12 14:20:19,808 [INFO ] – Validating Sale Request's parameters
2021-11-12 14:29:50,103 [INFO ] – Validating Sale Request's parameters
2021-11-12 14:30:55,561 [INFO ] – MPESA's Request & Response
2021-11-12 14:31:06,153 [INFO ] – Retrieving results from MPESA Sale Transaction
2021-11-12 14:50:56,142 [INFO ] – Validating Sale Request's parameters
2021-11-12 14:51:09,531 [INFO ] – MPESA's Request & Response
2021-11-12 14:51:09,559 [INFO ] – Retrieving results from MPESA Sale Transaction
2021-11-12 14:51:22,527 [INFO ] – Validating Sale Request's parameters
2021-11-12 14:51:40,994 [INFO ] – MPESA's Request & Response
2021-11-12 14:51:40,997 [INFO ] – Retrieving results from MPESA Sale Transaction
2021-11-12 14:51:51,803 [INFO ] – Validating Sale Request's parameters
2021-11-12 14:53:15,902 [INFO ] – MPESA's Request & Response
2021-11-12 14:53:15,912 [INFO ] – Retrieving results from MPESA Sale Transaction
2021-11-12 14:53:27,448 [INFO ] – Validating Sale Request's parameters
2021-11-12 14:53:35,459 [INFO ] – MPESA's Request & Response
2021-11-12 14:53:35,462 [INFO ] – Retrieving results from MPESA Sale Transaction
2021-11-12 14:53:56,770 [INFO ] – Validating Sale Request's parameters
2021-11-12 14:54:21,730 [INFO ] – MPESA's Request & Response
2021-11-12 14:54:21,739 [INFO ] – Retrieving results from MPESA Sale Transaction
2021-11-12 14:54:31,540 [INFO ] – Validating Sale Request's parameters
2021-11-12 14:55:00,573 [INFO ] – MPESA's Request & Response
2021-11-12 14:55:00,582 [INFO ] – Retrieving results from MPESA Sale Transaction
2021-11-12 14:55:34,151 [INFO ] – Validating Sale Request's parameters
2021-11-12 15:02:05,082 [INFO ] – Validating Sale Request's parameters
2021-11-12 15:04:21,393 [INFO ] – Validating Sale Request's parameters
2021-11-12 15:06:13,687 [INFO ] – Validating Sale Request's parameters
2021-11-12 15:06:38,926 [INFO ] – MPESA's Request & Response
2021-11-12 15:06:38,929 [INFO ] – Retrieving results from MPESA Sale Transaction
2021-11-12 15:07:05,270 [INFO ] – Validating Sale Request's parameters
2021-11-12 15:07:22,835 [INFO ] – MPESA's Request & Response
2021-11-12 15:07:22,848 [INFO ] – Retrieving results from MPESA Sale Transaction
2021-11-12 15:11:47,633 [INFO ] – Validating Sale Request's parameters
2021-11-12 15:16:55,123 [INFO ] – Validating Sale Request's parameters
2021-11-12 15:17:00,620 [INFO ] – Validating Sale Request's parameters
2021-11-12 15:17:10,215 [INFO ] – MPESA's Request & Response
2021-11-12 15:17:10,218 [INFO ] – Retrieving results from MPESA Sale Transaction
2021-11-12 15:17:14,618 [INFO ] – MPESA's Request & Response
2021-11-12 15:17:14,625 [INFO ] – Retrieving results from MPESA Sale Transaction
2021-11-12 15:18:11,742 [INFO ] – Validating Sale Request's parameters
2021-11-12 15:19:00,562 [INFO ] – MPESA's Request & Response
2021-11-12 15:19:00,566 [INFO ] – Retrieving results from MPESA Sale Transaction
2021-11-12 15:19:09,651 [INFO ] – Validating Sale Request's parameters
2021-11-12 15:19:32,127 [INFO ] – MPESA's Request & Response
2021-11-12 15:19:32,135 [INFO ] – Retrieving results from MPESA Sale Transaction
2021-11-12 15:23:27,997 [INFO ] – Validating Sale Request's parameters
2021-11-12 15:24:11,007 [INFO ] – MPESA's Request & Response
2021-11-12 15:24:11,011 [INFO ] – Retrieving results from MPESA Sale Transaction
2021-11-12 15:25:30,519 [INFO ] – Validating Sale Request's parameters
2021-11-12 15:26:46,442 [INFO ] – MPESA's Request & Response
2021-11-12 15:26:46,445 [INFO ] – Retrieving results from MPESA Sale Transaction
2021-11-12 15:30:05,917 [INFO ] – Validating Sale Request's parameters
2021-11-12 15:31:15,142 [INFO ] – MPESA's Request & Response
2021-11-12 15:31:15,148 [INFO ] – Retrieving results from MPESA Sale Transaction
2021-11-12 15:31:20,999 [INFO ] – Validating Sale Request's parameters
2021-11-12 15:31:25,464 [INFO ] – MPESA's Request & Response
2021-11-12 15:31:25,469 [INFO ] – Retrieving results from MPESA Sale Transaction
2021-11-12 15:33:15,179 [INFO ] – Validating Sale Request's parameters
2021-11-12 15:33:27,030 [INFO ] – MPESA's Request & Response
2021-11-12 15:33:27,034 [INFO ] – Retrieving results from MPESA Sale Transaction
2021-11-12 15:34:56,927 [INFO ] – Validating Sale Request's parameters
2021-11-12 15:35:10,439 [INFO ] – MPESA's Request & Response
2021-11-12 15:35:10,442 [INFO ] – Retrieving results from MPESA Sale Transaction
2021-11-12 15:37:15,020 [INFO ] – Validating Sale Request's parameters
2021-11-12 15:38:21,543 [INFO ] – MPESA's Request & Response
2021-11-12 15:38:21,550 [INFO ] – Retrieving results from MPESA Sale Transaction
2021-11-12 15:47:51,661 [INFO ] – Validating Sale Request's parameters
2021-11-12 15:48:11,412 [INFO ] – MPESA's Request & Response
2021-11-12 15:48:11,418 [INFO ] – Retrieving results from MPESA Sale Transaction
2021-11-12 15:50:51,924 [INFO ] – Validating Sale Request's parameters
2021-11-12 15:52:02,216 [INFO ] – MPESA's Request & Response
2021-11-12 15:52:02,228 [INFO ] – Retrieving results from MPESA Sale Transaction
2021-11-12 16:08:43,806 [INFO ] – Validating Sale Request's parameters
2021-11-12 16:08:59,986 [INFO ] – MPESA's Request & Response
2021-11-12 16:08:59,989 [INFO ] – Retrieving results from MPESA Sale Transaction
2021-11-12 16:09:50,805 [INFO ] – Validating Sale Request's parameters
2021-11-12 16:10:39,364 [INFO ] – MPESA's Request & Response
2021-11-12 16:10:39,368 [INFO ] – Retrieving results from MPESA Sale Transaction
2021-11-12 16:12:13,126 [INFO ] – Validating Sale Request's parameters
2021-11-12 16:12:44,920 [INFO ] – MPESA's Request & Response
2021-11-12 16:12:44,932 [INFO ] – Retrieving results from MPESA Sale Transaction
2021-11-12 16:15:25,099 [INFO ] – Validating Sale Request's parameters
2021-11-12 16:16:13,778 [INFO ] – MPESA's Request & Response
2021-11-12 16:16:13,782 [INFO ] – Retrieving results from MPESA Sale Transaction
2021-11-12 16:16:59,875 [INFO ] – Validating Sale Request's parameters
2021-11-12 16:17:34,965 [INFO ] – MPESA's Request & Response
2021-11-12 16:17:34,967 [INFO ] – Retrieving results from MPESA Sale Transaction
2021-11-12 16:18:02,793 [INFO ] – Validating Sale Request's parameters
2021-11-12 16:18:14,094 [INFO ] – MPESA's Request & Response
2021-11-12 16:18:14,098 [INFO ] – Retrieving results from MPESA Sale Transaction
2021-11-12 16:18:46,067 [INFO ] – Validating Sale Request's parameters
2021-11-12 16:19:27,527 [INFO ] – MPESA's Request & Response
2021-11-12 16:19:27,531 [INFO ] – Retrieving results from MPESA Sale Transaction
2021-11-12 16:20:39,371 [INFO ] – Validating Sale Request's parameters
2021-11-12 16:21:00,208 [INFO ] – MPESA's Request & Response
2021-11-12 16:21:00,214 [INFO ] – Retrieving results from MPESA Sale Transaction
2021-11-12 16:21:33,102 [INFO ] – Validating Sale Request's parameters
2021-11-12 16:21:51,882 [INFO ] – MPESA's Request & Response
2021-11-12 16:21:51,887 [INFO ] – Retrieving results from MPESA Sale Transaction
2021-11-12 16:22:51,205 [INFO ] – Validating Sale Request's parameters
2021-11-12 16:23:02,425 [INFO ] – MPESA's Request & Response
2021-11-12 16:23:02,429 [INFO ] – Retrieving results from MPESA Sale Transaction
2021-11-12 16:23:51,091 [INFO ] – Validating Sale Request's parameters
2021-11-12 16:24:03,173 [INFO ] – MPESA's Request & Response
2021-11-12 16:24:03,178 [INFO ] – Retrieving results from MPESA Sale Transaction
2021-11-12 16:26:59,889 [INFO ] – Validating Sale Request's parameters
2021-11-12 16:27:22,789 [INFO ] – MPESA's Request & Response
2021-11-12 16:27:22,792 [INFO ] – Retrieving results from MPESA Sale Transaction
2021-11-12 16:29:22,012 [INFO ] – Validating Sale Request's parameters
2021-11-12 16:29:37,517 [INFO ] – MPESA's Request & Response
2021-11-12 16:29:37,523 [INFO ] – Retrieving results from MPESA Sale Transaction
2021-11-12 16:30:23,897 [INFO ] – Validating Sale Request's parameters
2021-11-12 16:30:56,082 [INFO ] – MPESA's Request & Response
2021-11-12 16:30:56,088 [INFO ] – Retrieving results from MPESA Sale Transaction
2021-11-12 16:31:03,658 [INFO ] – Validating Sale Request's parameters
2021-11-12 16:31:07,826 [INFO ] – MPESA's Request & Response
2021-11-12 16:31:07,831 [INFO ] – Retrieving results from MPESA Sale Transaction
2021-11-12 16:31:32,786 [INFO ] – Validating Sale Request's parameters
2021-11-12 16:31:51,758 [INFO ] – MPESA's Request & Response
2021-11-12 16:31:51,761 [INFO ] – Retrieving results from MPESA Sale Transaction
2021-11-12 16:32:56,260 [INFO ] – Validating Sale Request's parameters
2021-11-12 16:33:02,639 [INFO ] – MPESA's Request & Response
2021-11-12 16:33:02,644 [INFO ] – Retrieving results from MPESA Sale Transaction
2021-11-12 16:33:46,804 [INFO ] – Validating Sale Request's parameters
2021-11-12 16:34:03,345 [INFO ] – MPESA's Request & Response
2021-11-12 16:34:03,353 [INFO ] – Retrieving results from MPESA Sale Transaction
2021-11-12 16:35:27,848 [INFO ] – Validating Sale Request's parameters
2021-11-12 16:35:51,906 [INFO ] – MPESA's Request & Response
2021-11-12 16:35:51,913 [INFO ] – Retrieving results from MPESA Sale Transaction
2021-11-12 16:43:45,166 [INFO ] – Validating Sale Request's parameters
2021-11-12 16:44:23,477 [INFO ] – MPESA's Request & Response
2021-11-12 16:44:23,481 [INFO ] – Retrieving results from MPESA Sale Transaction
2021-11-12 16:48:08,045 [INFO ] – Validating Sale Request's parameters
2021-11-12 16:48:38,675 [INFO ] – MPESA's Request & Response
2021-11-12 16:48:38,678 [INFO ] – Retrieving results from MPESA Sale Transaction
2021-11-12 16:49:09,906 [INFO ] – Validating Sale Request's parameters
2021-11-12 16:49:52,096 [INFO ] – MPESA's Request & Response
2021-11-12 16:49:52,100 [INFO ] – Retrieving results from MPESA Sale Transaction
2021-11-12 16:50:18,925 [INFO ] – Validating Sale Request's parameters
2021-11-12 16:50:47,509 [INFO ] – MPESA's Request & Response
2021-11-12 16:50:47,514 [INFO ] – Retrieving results from MPESA Sale Transaction
2021-11-12 16:50:57,047 [INFO ] – Validating Sale Request's parameters
2021-11-12 16:51:00,115 [INFO ] – MPESA's Request & Response
2021-11-12 16:51:00,121 [INFO ] – Retrieving results from MPESA Sale Transaction
2021-11-12 16:51:14,981 [INFO ] – Validating Sale Request's parameters
2021-11-12 16:51:26,456 [INFO ] – MPESA's Request & Response
2021-11-12 16:51:26,461 [INFO ] – Retrieving results from MPESA Sale Transaction
2021-11-12 16:51:40,254 [INFO ] – Validating Sale Request's parameters
2021-11-12 16:52:02,651 [INFO ] – MPESA's Request & Response
2021-11-12 16:52:02,654 [INFO ] – Retrieving results from MPESA Sale Transaction
2021-11-12 16:54:57,781 [INFO ] – Validating Sale Request's parameters
2021-11-12 16:55:04,459 [INFO ] – MPESA's Request & Response
2021-11-12 16:55:04,462 [INFO ] – Retrieving results from MPESA Sale Transaction
2021-11-12 16:55:53,452 [INFO ] – Validating Sale Request's parameters
2021-11-12 16:56:04,220 [INFO ] – MPESA's Request & Response
2021-11-12 16:56:04,231 [INFO ] – Retrieving results from MPESA Sale Transaction
2021-11-12 17:31:25,918 [INFO ] – Validating Sale Request's parameters
2021-11-12 17:31:35,101 [INFO ] – MPESA's Request & Response
2021-11-12 17:31:35,104 [INFO ] – Retrieving results from MPESA Sale Transaction
2021-11-12 17:58:36,499 [INFO ] – Validating Sale Request's parameters
2021-11-12 17:59:02,649 [INFO ] – MPESA's Request & Response
2021-11-12 17:59:02,653 [INFO ] – Retrieving results from MPESA Sale Transaction
2021-11-18 00:24:06,961 [INFO ] – Validating Sale Request's parameters
2021-11-18 00:25:38,188 [INFO ] – Validating Sale Request's parameters
2021-11-18 00:28:00,993 [INFO ] – Validating Sale Request's parameters
2021-11-18 00:29:41,314 [INFO ] – MPESA's Request & Response
2021-11-18 00:29:41,321 [INFO ] – Retrieving results from MPESA Sale Transaction
2021-11-18 00:34:03,692 [INFO ] – Validating Sale Request's parameters
2021-11-18 00:34:49,796 [INFO ] – MPESA's Request & Response
2021-11-18 00:34:49,800 [INFO ] – Retrieving results from MPESA Sale Transaction
2021-11-18 00:36:09,012 [INFO ] – Validating Sale Request's parameters
2021-11-18 00:37:21,511 [INFO ] – MPESA's Request & Response
2021-11-18 00:37:21,516 [INFO ] – Retrieving results from MPESA Sale Transaction
2021-11-18 00:38:13,712 [INFO ] – Validating Sale Request's parameters
2021-11-18 00:38:17,649 [INFO ] – MPESA's Request & Response
2021-11-18 00:38:17,657 [INFO ] – Retrieving results from MPESA Sale Transaction
2021-11-18 00:38:21,722 [INFO ] – Validating Sale Request's parameters
2021-11-18 00:38:44,038 [INFO ] – MPESA's Request & Response
2021-11-18 00:38:44,043 [INFO ] – Retrieving results from MPESA Sale Transaction
2021-12-01 11:26:34,497 [INFO ] – Validating Sale Request's parameters
2021-12-01 11:29:27,897 [INFO ] – MPESA's Request & Response
2021-12-01 11:29:27,899 [INFO ] – Retrieving results from MPESA Sale Transaction
2021-12-01 11:31:04,195 [INFO ] – Validating Sale Request's parameters
2021-12-01 11:32:11,128 [INFO ] – MPESA's Request & Response
2021-12-01 11:33:30,552 [INFO ] – Retrieving results from MPESA Sale Transaction
2021-12-20 23:21:25,533 [INFO ] – Validating Sale Request's parameters
2021-12-20 23:22:28,087 [INFO ] – MPESA's Request & Response
2021-12-20 23:22:28,114 [INFO ] – Retrieving results from MPESA Sale Transaction
2021-12-20 23:27:18,943 [INFO ] – Validating Sale Request's parameters
2021-12-20 23:27:30,437 [INFO ] – MPESA's Request & Response
2021-12-20 23:27:30,444 [INFO ] – Retrieving results from MPESA Sale Transaction
2021-12-20 23:29:41,041 [INFO ] – Validating Sale Request's parameters
2021-12-20 23:29:58,485 [INFO ] – MPESA's Request & Response
2021-12-20 23:29:58,486 [INFO ] – Retrieving results from MPESA Sale Transaction
2022-04-05 10:26:06,732 [INFO ] – Validating Sale Request's parameters
2022-04-05 10:26:44,871 [INFO ] – Validating Sale Request's parameters
2022-04-05 10:26:56,125 [INFO ] – MPESA's Request & Response
2022-04-05 10:26:56,131 [INFO ] – Retrieving results from MPESA Sale Transaction
2022-04-05 10:29:37,497 [INFO ] – Validating Sale Request's parameters
2022-04-05 11:15:31,335 [INFO ] – MPESA's Request & Response
2022-04-05 11:15:31,337 [INFO ] – Retrieving results from MPESA Sale Transaction
2022-06-22 22:59:05,473 [INFO ] – Validating Sale Request's parameters
2022-06-22 22:59:44,940 [INFO ] – MPESA's Request & Response
2022-06-22 22:59:44,943 [INFO ] – Retrieving results from MPESA Sale Transaction
2022-06-24 07:34:26,650 [INFO ] – Validating Sale Request's parameters
2022-06-24 07:36:37,564 [INFO ] – MPESA's Request & Response
2022-06-24 07:36:37,569 [INFO ] – Retrieving results from MPESA Sale Transaction
2022-06-24 07:36:48,070 [INFO ] – Validating Sale Request's parameters
2022-06-24 07:38:48,497 [INFO ] – MPESA's Request & Response
2022-06-24 07:38:48,499 [INFO ] – Retrieving results from MPESA Sale Transaction
2022-06-24 07:40:21,393 [INFO ] – Validating Sale Request's parameters
2022-06-24 07:41:47,221 [INFO ] – MPESA's Request & Response
2022-06-24 07:41:47,225 [INFO ] – Retrieving results from MPESA Sale Transaction
2022-06-24 07:43:31,300 [INFO ] – Validating Sale Request's parameters
2022-06-24 07:45:09,260 [INFO ] – MPESA's Request & Response
2022-06-24 07:45:09,264 [INFO ] – Retrieving results from MPESA Sale Transaction
2022-06-24 07:48:20,022 [INFO ] – Validating Sale Request's parameters
2022-06-24 07:50:44,364 [INFO ] – MPESA's Request & Response
2022-06-24 07:50:44,367 [INFO ] – Retrieving results from MPESA Sale Transaction
2022-06-24 07:51:33,402 [INFO ] – Validating Sale Request's parameters
2022-06-24 07:58:23,315 [INFO ] – MPESA's Request & Response
2022-06-24 07:58:23,318 [INFO ] – Retrieving results from MPESA Sale Transaction
2022-06-24 08:26:18,971 [INFO ] – Validating Sale Request's parameters
2022-06-24 08:31:26,247 [INFO ] – MPESA's Request & Response
2022-06-24 08:31:26,250 [INFO ] – Retrieving results from MPESA Sale Transaction
2022-06-24 08:35:37,281 [INFO ] – Validating Sale Request's parameters
2022-06-24 08:36:36,048 [INFO ] – MPESA's Request & Response
2022-06-24 08:36:36,052 [INFO ] – Retrieving results from MPESA Sale Transaction
2022-06-24 08:45:22,228 [INFO ] – Validating Sale Request's parameters
2022-06-24 08:55:30,223 [INFO ] – MPESA's Request & Response
2022-06-24 08:55:30,226 [INFO ] – Retrieving results from MPESA Sale Transaction
2022-07-08 12:49:43,601 [INFO ] – Validating Sale Request's parameters
2022-07-08 12:49:55,069 [INFO ] – MPESA's Request & Response
2022-07-08 12:49:55,076 [INFO ] – Retrieving results from MPESA Sale Transaction
2022-07-08 12:50:55,671 [INFO ] – Validating Sale Request's parameters
2022-07-08 12:51:39,445 [INFO ] – MPESA's Request & Response
2022-07-08 12:51:39,450 [INFO ] – Retrieving results from MPESA Sale Transaction
2022-07-08 12:51:52,855 [INFO ] – Validating Sale Request's parameters
2022-07-08 12:51:55,108 [INFO ] – MPESA's Request & Response
2022-07-08 12:51:55,113 [INFO ] – Retrieving results from MPESA Sale Transaction
2022-07-08 12:55:38,847 [INFO ] – Validating Sale Request's parameters
2022-07-08 12:55:48,317 [INFO ] – MPESA's Request & Response
2022-07-08 12:55:48,322 [INFO ] – Retrieving results from MPESA Sale Transaction
2022-07-08 13:00:59,773 [INFO ] – Validating Sale Request's parameters
2022-07-08 13:01:06,338 [INFO ] – MPESA's Request & Response
2022-07-08 13:01:06,345 [INFO ] – Retrieving results from MPESA Sale Transaction
2022-07-08 14:17:43,608 [INFO ] – Validating Sale Request's parameters
2022-07-08 14:17:50,818 [INFO ] – MPESA's Request & Response
2022-07-08 14:17:50,822 [INFO ] – Retrieving results from MPESA Sale Transaction
2022-07-08 14:24:02,577 [INFO ] – Validating Sale Request's parameters
2022-07-08 14:24:08,623 [INFO ] – MPESA's Request & Response
2022-07-08 14:24:08,627 [INFO ] – Retrieving results from MPESA Sale Transaction
2022-07-08 14:25:59,746 [INFO ] – Validating Sale Request's parameters
2022-07-08 14:26:05,681 [INFO ] – MPESA's Request & Response
2022-07-08 14:26:05,685 [INFO ] – Retrieving results from MPESA Sale Transaction
2022-07-08 14:28:19,893 [INFO ] – Validating Sale Request's parameters
2022-07-08 14:28:25,470 [INFO ] – MPESA's Request & Response
2022-07-08 14:28:25,475 [INFO ] – Retrieving results from MPESA Sale Transaction
2022-07-08 14:29:16,601 [INFO ] – Validating Sale Request's parameters
2022-07-08 14:29:26,259 [INFO ] – MPESA's Request & Response
2022-07-08 14:29:26,264 [INFO ] – Retrieving results from MPESA Sale Transaction
2022-07-08 14:34:39,532 [INFO ] – Validating Sale Request's parameters
2022-07-08 14:34:41,823 [INFO ] – MPESA's Request & Response
2022-07-08 14:34:41,828 [INFO ] – Retrieving results from MPESA Sale Transaction
2022-12-15 20:12:09,333 [INFO ] – Validating Sale Request's parameters
2022-12-15 20:12:26,429 [INFO ] – MPESA's Request & Response
2022-12-15 20:12:26,439 [INFO ] – Retrieving results from MPESA Sale Transaction
2022-12-15 20:14:50,582 [INFO ] – Validating Sale Request's parameters
2022-12-15 20:15:01,525 [INFO ] – MPESA's Request & Response
2022-12-15 20:15:01,534 [INFO ] – Retrieving results from MPESA Sale Transaction
2022-12-15 20:16:38,680 [INFO ] – Validating Sale Request's parameters
2022-12-15 20:16:51,030 [INFO ] – MPESA's Request & Response
2022-12-15 20:16:51,038 [INFO ] – Retrieving results from MPESA Sale Transaction
2022-12-15 20:17:04,081 [INFO ] – Validating Sale Request's parameters
2022-12-15 20:17:45,607 [INFO ] – MPESA's Request & Response
2022-12-15 20:17:45,616 [INFO ] – Retrieving results from MPESA Sale Transaction
