2015-02-19 12:58:25,767 [INFO ] – Service successfully started!
2015-02-19 13:13:14,767 [INFO ] – Service successfully started!
2015-03-01 19:10:06,706 [INFO ] – Service successfully started!
2015-03-01 19:13:44,420 [INFO ] – Service successfully started!
2015-03-01 19:39:11,360 [INFO ] – Service successfully started!
2015-03-01 19:49:24,838 [INFO ] – Service successfully started!
2015-03-01 22:04:52,840 [INFO ] – Service successfully started!
2015-03-02 17:49:47,118 [INFO ] – Service successfully started!
2015-03-05 04:32:35,199 [INFO ] – Service successfully started!
2015-03-06 10:45:29,045 [INFO ] – Service successfully started!
2015-03-06 14:17:37,263 [INFO ] – Service successfully started!
2015-03-06 14:21:43,287 [INFO ] – Service successfully started!
2015-03-06 14:26:21,249 [INFO ] – Service successfully started!
2015-03-06 14:28:13,790 [INFO ] – Service successfully started!
2015-03-06 14:31:41,564 [INFO ] – Service successfully started!
2015-03-06 14:34:34,001 [INFO ] – Service successfully started!
2015-03-06 14:37:42,744 [INFO ] – Service successfully started!
2015-03-06 14:38:32,495 [INFO ] – Service successfully started!
2015-03-06 14:39:46,164 [INFO ] – Service successfully started!
2015-03-06 14:50:21,421 [INFO ] – Service successfully started!
2015-03-06 14:58:08,869 [INFO ] – Service successfully started!
2015-03-06 15:02:36,327 [INFO ] – Service successfully started!
2015-03-06 15:16:19,166 [INFO ] – Service successfully started!
2015-03-06 15:20:39,674 [INFO ] – Service successfully started!
2015-03-06 15:33:32,452 [INFO ] – Service successfully started!
2015-03-06 15:34:35,446 [INFO ] – Service successfully started!
2015-03-06 15:35:37,478 [INFO ] – Service successfully started!
2015-03-10 09:20:58,397 [INFO ] – Service successfully started!
2015-03-13 15:21:22,514 [INFO ] – Service successfully started!
2015-03-16 12:25:44,691 [INFO ] – Service successfully started!
2015-03-16 12:28:30,644 [INFO ] – Service successfully started!
2015-03-16 12:32:34,261 [INFO ] – Service successfully started!
2015-03-16 12:37:04,399 [INFO ] – Service successfully started!
2015-03-16 12:42:10,978 [INFO ] – Service successfully started!
2015-03-16 13:43:50,342 [INFO ] – Service successfully started!
2015-03-16 13:51:35,739 [INFO ] – Service successfully started!
2015-03-16 14:51:14,148 [INFO ] – Service successfully started!
2015-03-16 19:13:41,994 [INFO ] – Service successfully started!
2015-03-16 19:59:32,763 [INFO ] – Service successfully started!
2015-03-16 20:35:07,084 [INFO ] – Service successfully started!
2015-03-16 23:55:07,632 [INFO ] – Service successfully started!
2015-03-17 07:49:28,503 [INFO ] – Service successfully started!
2015-03-17 08:04:25,163 [INFO ] – Service successfully started!
2015-03-17 16:25:27,927 [INFO ] – Service successfully started!
2015-03-18 13:12:52,090 [INFO ] – Service successfully started!
2015-03-18 13:14:16,663 [INFO ] – Service successfully started!
2015-03-18 13:53:43,408 [INFO ] – Service successfully started!
2015-03-18 13:57:35,060 [INFO ] – Service successfully started!
2015-03-18 14:02:08,416 [INFO ] – Service successfully started!
2015-03-18 15:00:45,558 [INFO ] – Service successfully started!
2015-04-04 12:08:14,615 [INFO ] – Service successfully started!
2015-04-04 12:09:03,675 [INFO ] – Service successfully started!
2015-04-04 12:09:40,135 [INFO ] – Service successfully started!
2015-04-04 12:19:18,729 [INFO ] – Service successfully started!
2015-04-04 12:31:41,767 [INFO ] – Service successfully started!
2015-04-09 13:45:03,982 [INFO ] – Service successfully started!
2015-04-09 16:20:32,383 [INFO ] – Service successfully started!
2015-04-09 16:30:17,926 [INFO ] – Service successfully started!
2015-04-09 16:37:59,214 [INFO ] – Service successfully started!
2015-04-09 16:39:55,925 [INFO ] – Service successfully started!
2015-04-09 16:45:42,938 [INFO ] – Service successfully started!
2015-04-09 16:48:32,860 [INFO ] – Service successfully started!
2015-04-20 14:54:19,532 [INFO ] – Service successfully started!
2015-04-20 15:02:47,590 [INFO ] – Service successfully started!
2015-04-20 15:06:22,715 [INFO ] – Service successfully started!
2015-04-27 12:12:08,268 [INFO ] – Service successfully started!
2015-04-27 12:12:48,264 [INFO ] – Service successfully started!
2015-04-27 12:28:57,747 [INFO ] – Service successfully started!
2015-04-27 12:42:12,574 [INFO ] – Service successfully started!
2015-04-27 12:44:33,719 [INFO ] – Service successfully started!
2015-04-27 13:05:49,818 [INFO ] – Service successfully started!
2015-04-27 13:19:58,346 [INFO ] – Service successfully started!
2015-04-27 13:25:01,712 [INFO ] – Service successfully started!
2015-04-27 13:36:12,144 [INFO ] – Service successfully started!
2015-04-27 14:01:45,276 [INFO ] – Service successfully started!
2015-04-27 14:04:05,324 [INFO ] – Service successfully started!
2015-04-27 14:05:26,974 [INFO ] – Service successfully started!
2015-04-27 14:24:18,387 [INFO ] – Service successfully started!
2015-04-27 14:28:00,572 [INFO ] – Service successfully started!
2015-04-27 14:32:42,193 [INFO ] – Service successfully started!
2015-04-27 14:37:55,759 [INFO ] – Service successfully started!
2015-04-27 14:40:00,106 [INFO ] – Service successfully started!
2015-04-27 14:54:46,711 [INFO ] – Service successfully started!
2015-04-27 15:01:36,882 [INFO ] – Service successfully started!
2015-04-27 15:04:46,250 [INFO ] – Service successfully started!
2015-04-27 16:00:51,516 [INFO ] – Service successfully started!
2015-04-27 16:11:23,656 [INFO ] – Service successfully started!
2015-04-27 18:37:29,727 [INFO ] – Service successfully started!
2015-04-27 18:44:00,451 [INFO ] – Service successfully started!
2015-04-27 19:17:18,539 [INFO ] – Service successfully started!
2015-04-27 19:29:29,358 [INFO ] – Service successfully started!
2015-04-27 19:39:00,438 [INFO ] – Service successfully started!
2015-04-27 19:40:51,774 [INFO ] – Service successfully started!
2015-04-27 19:50:15,987 [INFO ] – Service successfully started!
2015-04-27 19:54:31,608 [INFO ] – Service successfully started!
2015-04-27 20:06:10,870 [INFO ] – Service successfully started!
2015-04-27 20:27:37,439 [INFO ] – Service successfully started!
2015-04-27 20:29:15,539 [INFO ] – Service successfully started!
2015-04-27 20:43:00,734 [INFO ] – Service successfully started!
2015-04-27 21:07:11,021 [INFO ] – Service successfully started!
2015-04-27 21:30:58,387 [INFO ] – Service successfully started!
2015-04-27 21:33:21,381 [INFO ] – Service successfully started!
2015-04-27 22:55:55,608 [INFO ] – Service successfully started!
2015-04-27 22:57:55,096 [INFO ] – Service successfully started!
2015-04-27 23:01:42,668 [INFO ] – Service successfully started!
2015-04-27 23:03:18,403 [INFO ] – Service successfully started!
2015-04-27 23:14:19,020 [INFO ] – Service successfully started!
2015-04-27 23:25:54,000 [INFO ] – Service successfully started!
2015-04-27 23:29:18,539 [INFO ] – Service successfully started!
2015-04-27 23:32:43,982 [INFO ] – Service successfully started!
2015-04-27 23:35:15,012 [INFO ] – Service successfully started!
2015-04-27 23:39:21,825 [INFO ] – Service successfully started!
2015-04-27 23:40:45,904 [INFO ] – Service successfully started!
2015-04-28 09:30:46,797 [INFO ] – Service successfully started!
2015-04-28 09:36:19,426 [INFO ] – Service successfully started!
2015-04-28 09:38:03,338 [INFO ] – Service successfully started!
2015-04-28 09:51:27,213 [INFO ] – Service successfully started!
2015-04-28 09:54:53,920 [INFO ] – Service successfully started!
2015-04-28 10:01:57,432 [INFO ] – Service successfully started!
2015-04-28 10:25:58,887 [INFO ] – Service successfully started!
2015-04-28 10:28:06,399 [INFO ] – Service successfully started!
2015-04-28 10:30:00,212 [INFO ] – Service successfully started!
2015-04-28 10:34:26,745 [INFO ] – Service successfully started!
2015-04-28 10:38:53,233 [INFO ] – Service successfully started!
2015-04-28 10:41:32,302 [INFO ] – Service successfully started!
2015-04-28 10:44:54,718 [INFO ] – Service successfully started!
2015-04-28 10:52:13,455 [INFO ] – Service successfully started!
2015-04-28 10:58:36,688 [INFO ] – Service successfully started!
2015-04-28 11:02:11,973 [INFO ] – Service successfully started!
2015-04-28 11:05:11,465 [INFO ] – Service successfully started!
2015-04-28 11:16:12,720 [INFO ] – Service successfully started!
2015-04-28 11:26:05,962 [INFO ] – Service successfully started!
2015-04-28 11:28:49,707 [INFO ] – Service successfully started!
2015-04-30 15:54:11,391 [INFO ] – Service successfully started!
2015-05-05 00:15:49,544 [INFO ] – Service successfully started!
2015-05-05 00:39:11,722 [INFO ] – Service successfully started!
2015-05-05 00:41:32,514 [INFO ] – Service successfully started!
2015-05-05 01:22:57,445 [INFO ] – Service successfully started!
2015-05-05 12:50:44,222 [INFO ] – Service successfully started!
2015-05-05 13:12:48,437 [INFO ] – Service successfully started!
2015-05-05 13:22:07,610 [INFO ] – Service successfully started!
2015-05-05 13:28:09,029 [INFO ] – Service successfully started!
2015-05-05 13:33:13,470 [INFO ] – Service successfully started!
2015-05-05 13:54:20,964 [INFO ] – Service successfully started!
2015-05-05 14:00:52,813 [INFO ] – Service successfully started!
2015-05-05 14:04:29,101 [INFO ] – Service successfully started!
2015-05-05 14:11:03,768 [INFO ] – Service successfully started!
2015-05-05 14:23:08,704 [INFO ] – Service successfully started!
2015-05-05 14:29:04,980 [INFO ] – Service successfully started!
2015-05-05 14:53:17,286 [INFO ] – Service successfully started!
2015-05-05 14:56:44,428 [INFO ] – Service successfully started!
2015-05-05 14:58:22,328 [INFO ] – Service successfully started!
2015-05-05 15:09:06,366 [INFO ] – Service successfully started!
2015-05-05 16:07:23,598 [INFO ] – Service successfully started!
2015-05-05 16:20:49,961 [INFO ] – Service successfully started!
2015-05-05 16:24:57,310 [INFO ] – Service successfully started!
2015-05-05 16:29:26,550 [INFO ] – Service successfully started!
2015-05-05 17:08:32,522 [INFO ] – Service successfully started!
2015-05-05 18:08:50,277 [INFO ] – Service successfully started!
2015-05-05 18:22:35,625 [INFO ] – Service successfully started!
2015-05-05 18:27:34,635 [INFO ] – Service successfully started!
2015-05-05 18:57:10,420 [INFO ] – Service successfully started!
2015-05-05 19:05:55,918 [INFO ] – Service successfully started!
2015-05-05 19:12:49,184 [INFO ] – Service successfully started!
2015-05-05 19:57:43,321 [INFO ] – Service successfully started!
2015-05-05 20:15:06,996 [INFO ] – Service successfully started!
2015-05-05 20:15:28,925 [INFO ] – Service successfully started!
2015-05-05 20:28:52,912 [INFO ] – Service successfully started!
2015-05-06 09:44:20,944 [INFO ] – Service successfully started!
2015-05-06 09:47:57,613 [INFO ] – Service successfully started!
2015-05-06 09:59:48,363 [INFO ] – Service successfully started!
2015-05-06 10:25:37,684 [INFO ] – Service successfully started!
2015-05-06 10:29:44,573 [INFO ] – Service successfully started!
2015-05-06 10:31:15,711 [INFO ] – Service successfully started!
2015-05-06 10:35:38,303 [INFO ] – Service successfully started!
2015-05-06 10:42:09,883 [INFO ] – Service successfully started!
2015-05-06 11:39:33,361 [INFO ] – Service successfully started!
2015-06-05 22:46:06,950 [INFO ] – Service successfully started!
2015-06-07 21:35:18,070 [INFO ] – Service successfully started!
2015-06-07 21:43:44,775 [INFO ] – Service successfully started!
2015-06-07 21:49:36,732 [INFO ] – Service successfully started!
2015-06-07 23:04:55,235 [INFO ] – Service successfully started!
2015-06-07 23:08:47,579 [INFO ] – Service successfully started!
2015-06-08 00:23:20,553 [INFO ] – Service successfully started!
2015-06-08 00:28:32,115 [INFO ] – Service successfully started!
2015-06-09 00:05:27,776 [INFO ] – Service successfully started!
2015-06-09 00:11:50,555 [INFO ] – Service successfully started!
2015-06-09 00:16:56,880 [INFO ] – Service successfully started!
2015-06-10 14:48:58,629 [INFO ] – Service successfully started!
2015-06-10 14:51:26,763 [INFO ] – Service successfully started!
2015-06-10 17:32:00,107 [INFO ] – Service successfully started!
2015-06-10 17:32:51,104 [INFO ] – Service successfully started!
2015-06-10 21:34:55,055 [INFO ] – Service successfully started!
2015-06-10 21:37:20,614 [INFO ] – Service successfully started!
2015-06-10 21:44:18,342 [INFO ] – Service successfully started!
2015-06-10 22:06:36,761 [INFO ] – Service successfully started!
2015-06-10 22:12:34,742 [INFO ] – Service successfully started!
2015-06-10 22:13:26,834 [INFO ] – Service successfully started!
2015-06-10 22:21:11,541 [INFO ] – Service successfully started!
2015-06-10 22:28:52,176 [INFO ] – Service successfully started!
2015-06-10 22:45:10,032 [INFO ] – Service successfully started!
2015-06-10 22:48:24,472 [INFO ] – Service successfully started!
2015-06-10 23:04:44,398 [INFO ] – Service successfully started!
2015-06-10 23:06:19,623 [INFO ] – Service successfully started!
2015-06-16 10:39:39,229 [INFO ] – Service successfully started!
2015-09-16 10:11:41,465 [INFO ] – Service successfully started!
2015-09-16 10:22:53,525 [INFO ] – Service successfully started!
2015-09-16 17:13:37,195 [INFO ] – Service successfully started!
2015-11-07 11:07:35,997 [INFO ] – Service successfully started!
2015-11-07 11:11:40,666 [INFO ] – Service successfully started!
2015-11-07 11:28:58,470 [INFO ] – Service successfully started!
2015-12-29 22:01:11,103 [INFO ] – Service successfully started!
2015-12-29 22:20:46,004 [INFO ] – Service successfully started!
2015-12-29 22:23:41,614 [INFO ] – Service successfully started!
2015-12-29 22:31:02,301 [ERROR] – The UriTemplate 'sale/{transKey},{Bank=1},{amount},{cashBack},{tillNO}' is not valid; the UriTemplate compound path segment '{transKey},{Bank=1},{amount},{cashBack},{tillNO}' provides a default value to variable 'BANK'. Note that UriTemplate doesn't support default values to variables in compound segments. See the documentation for UriTemplate for more details.
2015-12-29 22:31:02,301 [INFO ] – Service successfully started!
2015-12-29 22:31:02,326 [ERROR] – The communication object, System.ServiceModel.ServiceHost, cannot be used for communication because it is in the Faulted state.
2015-12-29 22:31:29,166 [ERROR] – The UriTemplate 'sale/{transKey},{Bank=1},{amount},{cashBack},{tillNO}' is not valid; the UriTemplate compound path segment '{transKey},{Bank=1},{amount},{cashBack},{tillNO}' provides a default value to variable 'BANK'. Note that UriTemplate doesn't support default values to variables in compound segments. See the documentation for UriTemplate for more details.
2015-12-29 22:31:29,167 [INFO ] – Service successfully started!
2015-12-29 22:31:29,184 [ERROR] – The communication object, System.ServiceModel.ServiceHost, cannot be used for communication because it is in the Faulted state.
2015-12-29 22:54:46,674 [INFO ] – Service successfully started!
2015-12-29 22:54:46,674 [ERROR] – The UriTemplate 'sale/{transKey},{*Bank},{amount},{cashBack},{tillNO}' is not valid; the wildcard ('*') cannot appear in a variable name or literal, unless as a construct for a wildcard segment. Note that a wildcard segment, either a literal or a variable, is valid only as the last path segment in the template; the wildcard can appear only once. See the documentation for UriTemplate for more details.
2015-12-29 22:54:46,693 [ERROR] – The communication object, System.ServiceModel.ServiceHost, cannot be used for communication because it is in the Faulted state.
2015-12-29 22:56:11,902 [INFO ] – Service successfully started!
2015-12-29 22:56:11,902 [ERROR] – The UriTemplate 'sale/{transKey},{amount},{cashBack},{tillNO},{*Bank}' is not valid; the wildcard ('*') cannot appear in a variable name or literal, unless as a construct for a wildcard segment. Note that a wildcard segment, either a literal or a variable, is valid only as the last path segment in the template; the wildcard can appear only once. See the documentation for UriTemplate for more details.
2015-12-29 22:56:11,920 [ERROR] – The communication object, System.ServiceModel.ServiceHost, cannot be used for communication because it is in the Faulted state.
2015-12-29 23:15:20,163 [ERROR] – Operation 'sale' in contract 'IIPLService' has a UriTemplate that expects a parameter named 'BANK1', but there is no input parameter with that name on the operation.
2015-12-29 23:15:20,163 [INFO ] – Service successfully started!
2015-12-29 23:15:20,193 [ERROR] – The communication object, System.ServiceModel.ServiceHost, cannot be used for communication because it is in the Faulted state.
2015-12-29 23:19:11,435 [ERROR] – The UriTemplate 'sale/{transKey},{amount},{cashBack},{tillNO},{*Bank}' is not valid; the wildcard ('*') cannot appear in a variable name or literal, unless as a construct for a wildcard segment. Note that a wildcard segment, either a literal or a variable, is valid only as the last path segment in the template; the wildcard can appear only once. See the documentation for UriTemplate for more details.
2015-12-29 23:19:11,435 [INFO ] – Service successfully started!
2015-12-29 23:19:11,453 [ERROR] – The communication object, System.ServiceModel.ServiceHost, cannot be used for communication because it is in the Faulted state.
2016-01-04 11:43:21,712 [INFO ] – Service successfully started!
2016-01-04 11:46:23,889 [INFO ] – Service successfully started!
2014-01-20 12:54:36,420 [INFO ] – Service successfully started!
2016-01-27 12:23:57,613 [INFO ] – Service successfully started!
2016-01-30 14:40:31,027 [INFO ] – Service successfully started!
2016-01-30 14:44:17,628 [INFO ] – Service successfully started!
2016-01-30 14:45:07,986 [INFO ] – Service successfully started!
2016-01-30 14:46:07,816 [INFO ] – Service successfully started!
2016-01-30 14:52:28,578 [INFO ] – Service successfully started!
2016-02-04 10:42:39,282 [INFO ] – Service successfully started!
2016-02-04 10:51:07,515 [ERROR] – Could not find any resources appropriate for the specified culture or the neutral culture.  Make sure "FEFTHost.Properties.Resources.resources" was correctly embedded or linked into assembly "IPLHost" at compile time, or that all the satellite assemblies required are loadable and fully signed.
2016-02-04 10:52:20,238 [ERROR] – Could not find any resources appropriate for the specified culture or the neutral culture.  Make sure "FEFTHost.Properties.Resources.resources" was correctly embedded or linked into assembly "IPLHost" at compile time, or that all the satellite assemblies required are loadable and fully signed.
2016-02-04 11:03:01,365 [ERROR] – Could not find any resources appropriate for the specified culture or the neutral culture.  Make sure "FEFTHost.Properties.Resources.resources" was correctly embedded or linked into assembly "IPLHost" at compile time, or that all the satellite assemblies required are loadable and fully signed.
2016-02-04 11:03:45,764 [ERROR] – Could not find any resources appropriate for the specified culture or the neutral culture.  Make sure "FEFTHost.Properties.Resources.resources" was correctly embedded or linked into assembly "IPLHost" at compile time, or that all the satellite assemblies required are loadable and fully signed.
2016-02-04 11:05:16,614 [ERROR] – Could not find any resources appropriate for the specified culture or the neutral culture.  Make sure "FEFTHost.Properties.Resources.resources" was correctly embedded or linked into assembly "IPLHost" at compile time, or that all the satellite assemblies required are loadable and fully signed.
2016-02-04 11:17:12,105 [INFO ] – Service successfully started!
